<?xml version="1.0" encoding="UTF-8"?>
<!-- Generated by org.testng.reporters.JUnitXMLReporter -->
<testsuite ignored="0" hostname="QELEO35" failures="0" tests="8" name="Default test" time="202.941" errors="0" timestamp="2023-09-28T16:46:23 IST">
  <testcase classname="CanadianTireSignUp_TestCase.RegistrySignUp_TC" name="verifyBabyRegis_SignUp" time="39.092"/>
  <testcase classname="CanadianTireSignUp_TestCase.RegistrySignUp_TC" name="verifyBirthdayRegis_SignUp" time="26.236"/>
  <testcase classname="CanadianTireSignUp_TestCase.RegistrySignUp_TC" name="verifyHolidayRegis_SignUp" time="21.59"/>
  <testcase classname="CanadianTireSignUp_TestCase.RegistrySignUp_TC" name="verifyHousewarmingRegis_SignUp" time="21.803"/>
  <testcase classname="CanadianTireSignUp_TestCase.RegistrySignUp_TC" name="verifyWeddingRegis_SignUp" time="22.834"/>
  <testcase classname="CanadianTireSignUp_TestCase.RegistrySignUp_TC" name="verifyGraduationRegis_SignUp" time="21.746"/>
  <testcase classname="CanadianTireSignUp_TestCase.RegistrySignUp_TC" name="verifyUniverCollegeRegis_SignUp" time="21.384"/>
  <testcase classname="CanadianTireSignUp_TestCase.RegistrySignUp_TC" name="verifyFirstCarRegis_SignUp" time="22.714"/>
</testsuite> <!-- Default test -->
